SF:config.py
DA:4,1
DA:7,1
DA:8,1
DA:9,1
DA:10,1
DA:11,1
DA:14,1
DA:17,1
DA:19,1
DA:20,1
DA:26,1
DA:28,1
DA:29,1
DA:30,1
DA:33,1
DA:36,1
DA:38,1
DA:39,1
DA:40,1
DA:41,1
DA:42,1
DA:43,1
DA:46,1
DA:49,1
DA:51,1
DA:52,1
DA:53,1
DA:54,1
DA:55,1
DA:56,1
DA:59,1
DA:62,1
DA:64,1
DA:65,1
DA:66,1
DA:67,1
DA:68,1
DA:69,1
LF:38
LH:38
FN:17,24,ConfigFactory.__init__
FNDA:1,ConfigFactory.__init__
FN:26,30,ConfigFactory.get_config
FNDA:1,ConfigFactory.get_config
FNF:2
FNH:2
end_of_record
SF:src\__init__.py
end_of_record
SF:src\db\__init__.py
end_of_record
SF:src\db\db.py
DA:1,1
DA:2,1
DA:3,0
DA:5,1
DA:6,0
DA:8,1
DA:9,0
LF:7
LH:4
FN:2,3,Database.set
FNDA:0,Database.set
FN:5,6,Database.create_db_and_tables
FNDA:0,Database.create_db_and_tables
FN:8,9,Database.get_db
FNDA:0,Database.get_db
FNF:3
FNH:0
end_of_record
SF:src\db\db_factory.py
DA:1,1
DA:4,1
DA:5,1
DA:6,1
DA:7,1
DA:8,1
DA:14,1
DA:15,1
DA:17,1
DA:18,1
DA:19,1
DA:20,1
DA:21,1
DA:22,0
LF:14
LH:13
FN:5,12,DBFactory.__init__
FNDA:1,DBFactory.__init__
FN:14,22,DBFactory.get_db
FNDA:1,DBFactory.get_db
FNF:2
FNH:2
end_of_record
SF:src\db\postgres.py
DA:1,1
DA:3,1
DA:6,1
DA:9,1
DA:11,1
DA:13,1
DA:14,1
DA:22,1
DA:24,1
LF:9
LH:9
FN:9,11,PostgresSQL.set
FNDA:1,PostgresSQL.set
FN:13,20,PostgresSQL.connect
FNDA:1,PostgresSQL.connect
FN:22,24,PostgresSQL.get_db
FNDA:1,PostgresSQL.get_db
FNF:3
FNH:3
end_of_record
SF:src\emails\base_smtp.py
DA:1,1
DA:2,1
DA:3,0
DA:5,1
DA:6,0
LF:5
LH:3
FN:2,3,BaseSMTP.__init__
FNDA:0,BaseSMTP.__init__
FN:5,6,BaseSMTP.send_email
FNDA:0,BaseSMTP.send_email
FNF:2
FNH:0
end_of_record
SF:src\emails\mailhog_smtp.py
DA:1,1
DA:3,1
DA:4,1
DA:6,1
DA:7,1
DA:8,1
DA:9,1
DA:10,1
DA:11,1
DA:12,1
DA:13,1
DA:15,1
DA:16,1
DA:17,1
DA:18,1
DA:24,1
DA:25,1
LF:17
LH:17
FN:7,13,SMTPServer.__init__
FNDA:1,SMTPServer.__init__
FN:15,25,SMTPServer.send_email
FNDA:1,SMTPServer.send_email
FNF:2
FNH:2
end_of_record
SF:src\groups\controller.py
DA:1,1
DA:3,1
DA:5,1
DA:8,1
DA:9,1
DA:10,1
DA:12,1
DA:13,0
DA:14,0
DA:15,0
DA:16,0
DA:19,0
DA:23,1
DA:24,1
DA:25,1
DA:26,1
DA:29,1
DA:33,1
DA:34,1
DA:35,1
DA:39,1
DA:40,0
DA:41,0
DA:42,0
DA:45,0
DA:47,1
DA:48,0
DA:52,0
DA:53,0
DA:54,0
DA:57,0
DA:59,1
DA:60,0
DA:61,0
DA:62,0
DA:63,0
DA:64,0
DA:65,0
DA:66,0
DA:69,0
DA:71,1
DA:72,0
DA:76,0
DA:77,0
DA:78,0
DA:81,0
DA:83,1
DA:84,0
DA:85,0
DA:86,0
DA:87,0
DA:88,0
DA:91,0
DA:93,1
DA:94,0
DA:95,0
DA:96,0
DA:97,0
DA:100,0
LF:59
LH:21
FN:9,10,GroupsController.__init__
FNDA:1,GroupsController.__init__
FN:12,21,GroupsController.create
FNDA:0,GroupsController.create
FN:23,31,GroupsController.get_all_for_user
FNDA:1,GroupsController.get_all_for_user
FN:33,37,GroupsController.get_all
FNDA:1,GroupsController.get_all
FN:39,45,GroupsController.join
FNDA:0,GroupsController.join
FN:47,57,GroupsController.leave
FNDA:0,GroupsController.leave
FN:59,69,GroupsController.kick_member_out
FNDA:0,GroupsController.kick_member_out
FN:71,81,GroupsController.delete
FNDA:0,GroupsController.delete
FN:83,91,GroupsController.edit
FNDA:0,GroupsController.edit
FN:93,100,GroupsController.get_group
FNDA:0,GroupsController.get_group
FNF:10
FNH:3
end_of_record
SF:src\groups\dtos\base.py
DA:1,1
DA:2,1
DA:3,0
DA:5,1
DA:6,0
LF:5
LH:3
FN:2,3,BaseDTO.set
FNDA:0,BaseDTO.set
FN:5,6,BaseDTO.validate_data
FNDA:0,BaseDTO.validate_data
FNF:2
FNH:0
end_of_record
SF:src\groups\dtos\create_group_dto.py
DA:1,1
DA:2,1
DA:3,1
DA:5,1
DA:6,1
DA:7,0
DA:8,0
DA:9,0
DA:10,0
DA:12,1
DA:13,0
DA:16,0
DA:17,0
DA:19,0
DA:21,1
DA:22,0
DA:25,0
DA:26,0
DA:28,0
DA:30,1
DA:31,0
DA:32,0
DA:33,0
LF:23
LH:8
FN:6,10,CreateGroupDTO.set
FNDA:0,CreateGroupDTO.set
FN:12,19,CreateGroupDTO.set_title
FNDA:0,CreateGroupDTO.set_title
FN:21,28,CreateGroupDTO.set_admin
FNDA:0,CreateGroupDTO.set_admin
FN:30,36,CreateGroupDTO.validate_data
FNDA:0,CreateGroupDTO.validate_data
FNF:4
FNH:0
end_of_record
SF:src\groups\dtos\edit_group_dto.py
DA:1,1
DA:2,1
DA:3,1
DA:4,1
DA:6,1
DA:7,1
DA:8,0
DA:9,0
DA:10,0
DA:11,0
DA:12,0
DA:14,1
DA:15,0
DA:18,0
DA:19,0
DA:21,0
DA:23,1
DA:24,0
DA:27,0
DA:28,0
DA:30,0
DA:32,1
DA:33,0
DA:36,0
DA:37,0
DA:39,0
DA:41,1
DA:42,0
DA:43,0
DA:44,0
LF:30
LH:10
FN:7,12,EditGroupDTO.set
FNDA:0,EditGroupDTO.set
FN:14,21,EditGroupDTO.set_title
FNDA:0,EditGroupDTO.set_title
FN:23,30,EditGroupDTO.set_admin
FNDA:0,EditGroupDTO.set_admin
FN:32,39,EditGroupDTO.set_group_id
FNDA:0,EditGroupDTO.set_group_id
FN:41,48,EditGroupDTO.validate_data
FNDA:0,EditGroupDTO.validate_data
FNF:5
FNH:0
end_of_record
SF:src\groups\dtos\factory.py
DA:1,1
DA:2,1
DA:3,1
DA:4,1
DA:5,1
DA:7,1
DA:8,1
DA:9,0
DA:10,0
DA:11,0
DA:18,1
DA:19,0
DA:20,0
DA:21,0
DA:22,0
DA:23,0
DA:24,0
DA:25,0
DA:26,0
LF:19
LH:8
FN:8,16,DTOFactory.__init__
FNDA:0,DTOFactory.__init__
FN:18,26,DTOFactory.get_dto
FNDA:0,DTOFactory.get_dto
FNF:2
FNH:0
end_of_record
SF:src\groups\dtos\fields\admin.py
DA:1,1
DA:3,1
DA:4,1
DA:5,0
DA:6,0
DA:8,1
DA:9,0
DA:10,0
DA:11,0
LF:9
LH:4
FN:4,6,AdminField.__init__
FNDA:0,AdminField.__init__
FN:8,11,AdminField.validate_data
FNDA:0,AdminField.validate_data
FNF:2
FNH:0
end_of_record
SF:src\groups\dtos\fields\base.py
DA:1,1
DA:2,1
DA:3,0
DA:5,1
DA:6,0
LF:5
LH:3
FN:2,3,BaseField.__init__
FNDA:0,BaseField.__init__
FN:5,6,BaseField.validate_data
FNDA:0,BaseField.validate_data
FNF:2
FNH:0
end_of_record
SF:src\groups\dtos\fields\group_id.py
DA:1,1
DA:3,1
DA:4,1
DA:5,0
DA:6,0
DA:8,1
DA:9,0
DA:10,0
DA:11,0
LF:9
LH:4
FN:4,6,GroupIdField.__init__
FNDA:0,GroupIdField.__init__
FN:8,11,GroupIdField.validate_data
FNDA:0,GroupIdField.validate_data
FNF:2
FNH:0
end_of_record
SF:src\groups\dtos\fields\member_id.py
DA:1,1
DA:3,1
DA:4,1
DA:5,0
DA:6,0
DA:8,1
DA:9,0
DA:10,0
DA:11,0
LF:9
LH:4
FN:4,6,MemberIdField.__init__
FNDA:0,MemberIdField.__init__
FN:8,11,MemberIdField.validate_data
FNDA:0,MemberIdField.validate_data
FNF:2
FNH:0
end_of_record
SF:src\groups\dtos\fields\title.py
DA:1,1
DA:3,1
DA:4,1
DA:5,0
DA:6,0
DA:8,1
DA:9,0
DA:10,0
DA:11,0
LF:9
LH:4
FN:4,6,TitleField.__init__
FNDA:0,TitleField.__init__
FN:8,11,TitleField.validate_data
FNDA:0,TitleField.validate_data
FNF:2
FNH:0
end_of_record
SF:src\groups\dtos\fields\user_id.py
DA:1,1
DA:3,1
DA:4,1
DA:5,0
DA:6,0
DA:8,1
DA:9,0
DA:10,0
DA:11,0
LF:9
LH:4
FN:4,6,UserIdField.__init__
FNDA:0,UserIdField.__init__
FN:8,11,UserIdField.validate_data
FNDA:0,UserIdField.validate_data
FNF:2
FNH:0
end_of_record
SF:src\groups\dtos\join_group_dto.py
DA:1,1
DA:2,1
DA:3,1
DA:5,1
DA:6,1
DA:7,0
DA:8,0
DA:9,0
DA:10,0
DA:12,1
DA:13,0
DA:16,0
DA:17,0
DA:19,0
DA:21,1
DA:22,0
DA:25,0
DA:26,0
DA:28,0
DA:30,1
DA:31,0
DA:32,0
DA:33,0
LF:23
LH:8
FN:6,10,JoinGroupDTO.set
FNDA:0,JoinGroupDTO.set
FN:12,19,JoinGroupDTO.set_group_id
FNDA:0,JoinGroupDTO.set_group_id
FN:21,28,JoinGroupDTO.set_user_id
FNDA:0,JoinGroupDTO.set_user_id
FN:30,36,JoinGroupDTO.validate_data
FNDA:0,JoinGroupDTO.validate_data
FNF:4
FNH:0
end_of_record
SF:src\groups\dtos\kick_member_out_dto.py
DA:1,1
DA:2,1
DA:3,1
DA:4,1
DA:6,1
DA:7,1
DA:8,0
DA:9,0
DA:10,0
DA:11,0
DA:12,0
DA:14,1
DA:15,0
DA:18,0
DA:19,0
DA:21,0
DA:23,1
DA:24,0
DA:27,0
DA:28,0
DA:30,0
DA:32,1
DA:33,0
DA:36,0
DA:37,0
DA:39,0
DA:41,1
DA:42,0
DA:43,0
DA:44,0
LF:30
LH:10
FN:7,12,KickMemberOutDTO.set
FNDA:0,KickMemberOutDTO.set
FN:14,21,KickMemberOutDTO.set_group_id
FNDA:0,KickMemberOutDTO.set_group_id
FN:23,30,KickMemberOutDTO.set_user_id
FNDA:0,KickMemberOutDTO.set_user_id
FN:32,39,KickMemberOutDTO.set_member_id
FNDA:0,KickMemberOutDTO.set_member_id
FN:41,48,KickMemberOutDTO.validate_data
FNDA:0,KickMemberOutDTO.validate_data
FNF:5
FNH:0
end_of_record
SF:src\groups\repositories\factory.py
DA:1,1
DA:2,1
DA:3,1
DA:6,1
DA:7,1
DA:8,1
DA:9,1
DA:13,1
DA:14,1
DA:16,1
DA:17,1
DA:18,1
DA:19,0
LF:13
LH:12
FN:7,11,RepositoryFactory.__init__
FNDA:1,RepositoryFactory.__init__
FN:13,19,RepositoryFactory.get_db
FNDA:1,RepositoryFactory.get_db
FNF:2
FNH:2
end_of_record
SF:src\groups\repositories\postgres_repository.py
DA:1,1
DA:2,1
DA:4,1
DA:7,1
DA:8,1
DA:9,1
DA:12,1
DA:13,0
DA:14,0
DA:15,0
DA:16,0
DA:17,0
DA:18,0
DA:19,0
DA:20,0
DA:21,0
DA:22,0
DA:23,0
DA:26,1
DA:27,0
DA:28,0
DA:29,0
DA:34,0
DA:35,0
DA:36,0
DA:37,0
DA:38,0
DA:39,0
DA:40,0
DA:41,0
DA:44,1
DA:45,0
DA:46,0
DA:47,0
DA:59,0
DA:60,0
DA:62,1
DA:63,0
DA:64,0
DA:65,0
DA:66,0
DA:69,1
DA:70,1
DA:71,1
DA:72,1
DA:79,1
DA:80,1
DA:81,1
DA:82,1
DA:83,1
DA:85,1
DA:86,1
DA:87,1
DA:88,1
DA:94,1
DA:95,1
DA:96,1
DA:97,1
DA:98,0
DA:101,1
DA:102,1
DA:103,1
DA:104,1
DA:105,1
DA:106,1
DA:107,1
DA:108,1
DA:109,1
DA:114,1
DA:115,1
DA:119,1
DA:120,1
DA:121,1
DA:122,1
DA:123,1
DA:126,1
DA:127,0
DA:128,0
DA:129,0
DA:130,0
DA:131,0
DA:132,0
DA:138,0
DA:139,0
DA:140,0
DA:143,1
DA:144,0
DA:145,0
DA:146,0
DA:152,0
DA:153,0
DA:154,0
DA:155,0
DA:156,0
DA:159,1
DA:160,0
DA:161,0
DA:162,0
DA:163,0
DA:164,0
DA:165,0
DA:167,0
DA:172,0
DA:173,0
DA:174,0
DA:175,0
DA:176,0
DA:179,1
DA:180,0
DA:181,0
DA:182,0
DA:183,0
DA:184,0
DA:185,0
DA:186,0
DA:188,0
DA:193,0
DA:194,0
DA:195,0
DA:196,0
DA:197,0
DA:198,0
DA:201,1
DA:202,0
DA:203,0
DA:204,0
DA:209,0
DA:210,0
DA:211,0
DA:212,0
DA:213,0
DA:216,1
DA:217,0
DA:218,0
DA:219,0
DA:220,0
DA:226,0
DA:227,0
DA:228,0
DA:229,0
DA:230,0
DA:233,1
DA:234,0
DA:235,0
DA:236,0
DA:237,0
DA:242,0
DA:243,0
DA:247,0
DA:248,0
DA:249,0
DA:250,0
DA:251,0
LF:153
LH:50
FN:8,9,PostgresRepository.__init__
FNDA:1,PostgresRepository.__init__
FN:12,23,PostgresRepository.create
FNDA:0,PostgresRepository.create
FN:26,41,PostgresRepository._add_as_a_member
FNDA:0,PostgresRepository._add_as_a_member
FN:44,60,PostgresRepository._creeate_message_for_creating_chat
FNDA:0,PostgresRepository._creeate_message_for_creating_chat
FN:62,66,PostgresRepository._generate_special_code
FNDA:0,PostgresRepository._generate_special_code
FN:69,83,PostgresRepository.get_all_for_user
FNDA:1,PostgresRepository.get_all_for_user
FN:85,98,PostgresRepository.get_all
FNDA:1,PostgresRepository.get_all
FN:101,123,PostgresRepository._format_groups_data
FNDA:1,PostgresRepository._format_groups_data
FN:126,140,PostgresRepository.join
FNDA:0,PostgresRepository.join
FN:143,156,PostgresRepository._check_if_already_a_member
FNDA:0,PostgresRepository._check_if_already_a_member
FN:159,176,PostgresRepository.leave
FNDA:0,PostgresRepository.leave
FN:179,198,PostgresRepository.kick_member_out
FNDA:0,PostgresRepository.kick_member_out
FN:201,213,PostgresRepository.get_group
FNDA:0,PostgresRepository.get_group
FN:216,230,PostgresRepository.edit
FNDA:0,PostgresRepository.edit
FN:233,251,PostgresRepository.delete
FNDA:0,PostgresRepository.delete
FNF:15
FNH:4
end_of_record
SF:src\groups\repositories\repository.py
DA:1,1
DA:2,1
DA:3,0
DA:5,1
DA:6,0
DA:8,1
DA:9,0
DA:11,1
DA:12,0
DA:14,1
DA:15,0
DA:17,1
DA:18,0
DA:20,1
DA:21,0
DA:23,1
DA:24,0
DA:26,1
DA:27,0
DA:29,1
DA:30,0
LF:21
LH:11
FN:2,3,Repository.__init__
FNDA:0,Repository.__init__
FN:5,6,Repository.create
FNDA:0,Repository.create
FN:8,9,Repository.get_all_for_user
FNDA:0,Repository.get_all_for_user
FN:11,12,Repository.get_all
FNDA:0,Repository.get_all
FN:14,15,Repository.join
FNDA:0,Repository.join
FN:17,18,Repository.leave
FNDA:0,Repository.leave
FN:20,21,Repository.kick_member_out
FNDA:0,Repository.kick_member_out
FN:23,24,Repository.get_group
FNDA:0,Repository.get_group
FN:26,27,Repository.edit
FNDA:0,Repository.edit
FN:29,30,Repository.delete
FNDA:0,Repository.delete
FNF:10
FNH:0
end_of_record
SF:src\groups\route.py
DA:1,1
DA:3,1
DA:6,1
DA:7,1
DA:8,1
DA:9,1
DA:10,1
DA:11,1
DA:14,1
DA:15,1
DA:16,1
DA:17,1
DA:18,1
DA:21,1
DA:24,1
LF:15
LH:15
FN:7,26,GroupsRouter.__init__
FNDA:1,GroupsRouter.__init__
FNF:1
FNH:1
end_of_record
SF:src\groups\service.py
DA:1,1
DA:2,1
DA:4,1
DA:6,1
DA:7,1
DA:8,1
DA:9,1
DA:10,1
DA:12,1
DA:13,0
DA:14,0
DA:15,0
DA:16,0
DA:17,0
DA:18,0
DA:19,0
DA:20,0
DA:21,0
DA:23,1
DA:24,1
DA:25,1
DA:26,1
DA:27,1
DA:28,1
DA:30,1
DA:31,1
DA:33,1
DA:34,0
DA:35,0
DA:36,0
DA:37,0
DA:38,0
DA:39,0
DA:40,0
DA:41,0
DA:42,0
DA:44,1
DA:45,0
DA:46,0
DA:47,0
DA:48,0
DA:49,0
DA:50,0
DA:51,0
DA:52,0
DA:54,1
DA:55,0
DA:56,0
DA:57,0
DA:58,0
DA:59,0
DA:60,0
DA:61,0
DA:62,0
DA:64,1
DA:65,0
DA:66,0
DA:67,0
DA:68,0
DA:69,0
DA:70,0
DA:71,0
DA:72,0
DA:74,1
DA:75,0
DA:76,0
DA:77,0
DA:78,0
DA:79,0
DA:80,0
DA:81,0
DA:82,0
DA:84,1
DA:85,0
DA:86,0
DA:87,0
DA:88,0
DA:89,0
DA:90,0
DA:91,0
DA:92,0
LF:81
LH:23
FN:7,10,GroupsService.__init__
FNDA:1,GroupsService.__init__
FN:12,21,GroupsService.create
FNDA:0,GroupsService.create
FN:23,28,GroupsService.get_all_for_user
FNDA:1,GroupsService.get_all_for_user
FN:30,31,GroupsService.get_all
FNDA:1,GroupsService.get_all
FN:33,42,GroupsService.join
FNDA:0,GroupsService.join
FN:44,52,GroupsService.leave
FNDA:0,GroupsService.leave
FN:54,62,GroupsService.kick_member_out
FNDA:0,GroupsService.kick_member_out
FN:64,72,GroupsService.delete
FNDA:0,GroupsService.delete
FN:74,82,GroupsService.edit
FNDA:0,GroupsService.edit
FN:84,92,GroupsService.get_group
FNDA:0,GroupsService.get_group
FNF:10
FNH:3
end_of_record
SF:src\languages\controller.py
DA:1,1
DA:3,1
DA:5,1
DA:8,1
DA:9,1
DA:10,1
DA:12,1
DA:13,0
DA:14,0
DA:16,1
DA:17,0
DA:18,0
DA:20,1
DA:21,1
DA:22,1
DA:24,1
DA:25,0
DA:26,0
LF:18
LH:12
FN:9,10,LanguagesController.__init__
FNDA:1,LanguagesController.__init__
FN:12,14,LanguagesController.get_lanugaes
FNDA:0,LanguagesController.get_lanugaes
FN:16,18,LanguagesController.add_language
FNDA:0,LanguagesController.add_language
FN:20,22,LanguagesController.get_translations
FNDA:1,LanguagesController.get_translations
FN:24,26,LanguagesController.add_translations
FNDA:0,LanguagesController.add_translations
FNF:5
FNH:2
end_of_record
SF:src\languages\languages\base.py
DA:1,1
DA:3,1
DA:4,0
DA:6,1
DA:7,0
LF:5
LH:3
FN:3,4,Language.__init__
FNDA:0,Language.__init__
FN:6,7,Language.get_data
FNDA:0,Language.get_data
FNF:2
FNH:0
end_of_record
SF:src\languages\languages\dutch.py
DA:1,1
DA:4,1
DA:5,1
DA:6,1
DA:17,1
DA:18,1
LF:6
LH:6
FN:5,15,Dutch.__init__
FNDA:1,Dutch.__init__
FN:17,18,Dutch.get_data
FNDA:1,Dutch.get_data
FNF:2
FNH:2
end_of_record
SF:src\languages\languages\english.py
DA:1,1
DA:4,1
DA:5,1
DA:6,1
DA:23,1
DA:24,1
LF:6
LH:6
FN:5,21,English.__init__
FNDA:1,English.__init__
FN:23,24,English.get_data
FNDA:1,English.get_data
FNF:2
FNH:2
end_of_record
SF:src\languages\router.py
DA:1,1
DA:3,1
DA:6,1
DA:7,1
DA:8,1
DA:9,1
DA:10,1
DA:11,1
DA:12,1
DA:17,1
LF:10
LH:10
FN:7,19,LanguagesRouter.__init__
FNDA:1,LanguagesRouter.__init__
FNF:1
FNH:1
end_of_record
SF:src\languages\service.py
DA:1,1
DA:2,1
DA:3,1
DA:6,1
DA:7,1
DA:8,1
DA:9,1
DA:10,1
DA:12,1
DA:13,0
DA:15,1
DA:16,0
DA:18,1
DA:19,1
DA:20,1
DA:21,1
DA:23,1
DA:24,0
LF:18
LH:15
FN:7,10,LanguagesService.__init__
FNDA:1,LanguagesService.__init__
FN:12,13,LanguagesService.get_languages
FNDA:0,LanguagesService.get_languages
FN:15,16,LanguagesService.add_language
FNDA:0,LanguagesService.add_language
FN:18,21,LanguagesService.get_translations
FNDA:1,LanguagesService.get_translations
FN:23,24,LanguagesService.add_translations
FNDA:0,LanguagesService.add_translations
FNF:5
FNH:2
end_of_record
SF:src\languages\translations\Dutch\emails.py
DA:1,1
DA:4,1
DA:5,1
DA:6,1
DA:14,1
DA:15,1
LF:6
LH:6
FN:5,12,DutchEmailsTranslations.__init__
FNDA:1,DutchEmailsTranslations.__init__
FN:14,15,DutchEmailsTranslations.get_translations
FNDA:1,DutchEmailsTranslations.get_translations
FNF:2
FNH:2
end_of_record
SF:src\languages\translations\Dutch\forgot_password.py
DA:1,1
DA:4,1
DA:5,1
DA:6,1
DA:22,1
DA:23,1
LF:6
LH:6
FN:5,20,DutchForgotPasswordTranslations.__init__
FNDA:1,DutchForgotPasswordTranslations.__init__
FN:22,23,DutchForgotPasswordTranslations.get_translations
FNDA:1,DutchForgotPasswordTranslations.get_translations
FNF:2
FNH:2
end_of_record
SF:src\languages\translations\Dutch\groups.py
DA:1,1
DA:4,1
DA:5,1
DA:6,1
DA:31,1
DA:32,1
LF:6
LH:6
FN:5,29,GroupsDutchTranlsations.__init__
FNDA:1,GroupsDutchTranlsations.__init__
FN:31,32,GroupsDutchTranlsations.get_translations
FNDA:1,GroupsDutchTranlsations.get_translations
FNF:2
FNH:2
end_of_record
SF:src\languages\translations\Dutch\login.py
DA:1,1
DA:4,1
DA:5,1
DA:6,1
DA:25,1
DA:26,1
LF:6
LH:6
FN:5,23,DutchLoginTranlsations.__init__
FNDA:1,DutchLoginTranlsations.__init__
FN:25,26,DutchLoginTranlsations.get_translations
FNDA:1,DutchLoginTranlsations.get_translations
FNF:2
FNH:2
end_of_record
SF:src\languages\translations\Dutch\messages.py
DA:1,1
DA:4,1
DA:5,1
DA:6,1
DA:26,1
DA:27,1
LF:6
LH:6
FN:5,24,MessagesDutchTranlsations.__init__
FNDA:1,MessagesDutchTranlsations.__init__
FN:26,27,MessagesDutchTranlsations.get_translations
FNDA:1,MessagesDutchTranlsations.get_translations
FNF:2
FNH:2
end_of_record
SF:src\languages\translations\Dutch\navigation.py
DA:1,1
DA:4,1
DA:5,1
DA:6,1
DA:13,1
DA:14,1
LF:6
LH:6
FN:5,11,NavigationDutchTranlsations.__init__
FNDA:1,NavigationDutchTranlsations.__init__
FN:13,14,NavigationDutchTranlsations.get_translations
FNDA:1,NavigationDutchTranlsations.get_translations
FNF:2
FNH:2
end_of_record
SF:src\languages\translations\Dutch\registration.py
DA:1,1
DA:4,1
DA:5,1
DA:6,1
DA:31,1
DA:32,1
LF:6
LH:6
FN:5,29,DutchRegistrationTranslations.__init__
FNDA:1,DutchRegistrationTranslations.__init__
FN:31,32,DutchRegistrationTranslations.get_translations
FNDA:1,DutchRegistrationTranslations.get_translations
FNF:2
FNH:2
end_of_record
SF:src\languages\translations\Dutch\reset_password.py
DA:1,1
DA:4,1
DA:5,1
DA:6,1
DA:28,1
DA:29,1
LF:6
LH:6
FN:5,26,DutchResetPasswordTranslations.__init__
FNDA:1,DutchResetPasswordTranslations.__init__
FN:28,29,DutchResetPasswordTranslations.get_translations
FNDA:1,DutchResetPasswordTranslations.get_translations
FNF:2
FNH:2
end_of_record
SF:src\languages\translations\English\emails.py
DA:1,1
DA:4,1
DA:5,1
DA:6,1
DA:14,1
DA:15,1
LF:6
LH:6
FN:5,12,EnglishEmailsTranslations.__init__
FNDA:1,EnglishEmailsTranslations.__init__
FN:14,15,EnglishEmailsTranslations.get_translations
FNDA:1,EnglishEmailsTranslations.get_translations
FNF:2
FNH:2
end_of_record
SF:src\languages\translations\English\forgot_password.py
DA:1,1
DA:4,1
DA:5,1
DA:6,1
DA:21,1
DA:22,1
LF:6
LH:6
FN:5,19,ForgotPasswordTranslations.__init__
FNDA:1,ForgotPasswordTranslations.__init__
FN:21,22,ForgotPasswordTranslations.get_translations
FNDA:1,ForgotPasswordTranslations.get_translations
FNF:2
FNH:2
end_of_record
SF:src\languages\translations\English\groups.py
DA:1,1
DA:4,1
DA:5,1
DA:6,1
DA:31,1
DA:32,1
LF:6
LH:6
FN:5,29,GroupsEnglishTranlsations.__init__
FNDA:1,GroupsEnglishTranlsations.__init__
FN:31,32,GroupsEnglishTranlsations.get_translations
FNDA:1,GroupsEnglishTranlsations.get_translations
FNF:2
FNH:2
end_of_record
SF:src\languages\translations\English\login.py
DA:1,1
DA:4,1
DA:5,1
DA:6,1
DA:25,1
DA:26,1
LF:6
LH:6
FN:5,23,LoginTranlsations.__init__
FNDA:1,LoginTranlsations.__init__
FN:25,26,LoginTranlsations.get_translations
FNDA:1,LoginTranlsations.get_translations
FNF:2
FNH:2
end_of_record
SF:src\languages\translations\English\messages.py
DA:1,1
DA:4,1
DA:5,1
DA:6,1
DA:28,1
DA:29,1
LF:6
LH:6
FN:5,26,MessagesEnglishTranlsations.__init__
FNDA:1,MessagesEnglishTranlsations.__init__
FN:28,29,MessagesEnglishTranlsations.get_translations
FNDA:1,MessagesEnglishTranlsations.get_translations
FNF:2
FNH:2
end_of_record
SF:src\languages\translations\English\navigation.py
DA:1,1
DA:4,1
DA:5,1
DA:6,1
DA:13,1
DA:14,1
LF:6
LH:6
FN:5,11,NavigationEnglishTranlsations.__init__
FNDA:1,NavigationEnglishTranlsations.__init__
FN:13,14,NavigationEnglishTranlsations.get_translations
FNDA:1,NavigationEnglishTranlsations.get_translations
FNF:2
FNH:2
end_of_record
SF:src\languages\translations\English\registration.py
DA:1,1
DA:4,1
DA:5,1
DA:6,1
DA:33,1
DA:34,1
LF:6
LH:6
FN:5,31,RegistrationTranslations.__init__
FNDA:1,RegistrationTranslations.__init__
FN:33,34,RegistrationTranslations.get_translations
FNDA:1,RegistrationTranslations.get_translations
FNF:2
FNH:2
end_of_record
SF:src\languages\translations\English\reset_password.py
DA:1,1
DA:4,1
DA:5,1
DA:6,1
DA:28,1
DA:29,1
LF:6
LH:6
FN:5,26,ResetPasswordTranslations.__init__
FNDA:1,ResetPasswordTranslations.__init__
FN:28,29,ResetPasswordTranslations.get_translations
FNDA:1,ResetPasswordTranslations.get_translations
FNF:2
FNH:2
end_of_record
SF:src\languages\translations\base.py
DA:1,1
DA:2,1
DA:3,0
LF:3
LH:2
FN:2,3,Base.get_translations
FNDA:0,Base.get_translations
FNF:1
FNH:0
end_of_record
SF:src\languages\translations\factory.py
DA:1,1
DA:2,1
DA:4,1
DA:5,1
DA:7,1
DA:9,1
DA:11,1
DA:12,1
DA:14,1
DA:16,1
DA:17,1
DA:18,1
DA:19,1
DA:20,1
DA:21,1
DA:22,1
DA:23,1
DA:25,1
DA:26,1
DA:27,1
DA:28,1
DA:74,1
DA:75,1
DA:76,1
DA:77,1
DA:78,0
LF:26
LH:25
FN:26,72,TranslationsFactory.__init__
FNDA:1,TranslationsFactory.__init__
FN:74,78,TranslationsFactory.get_translations
FNDA:1,TranslationsFactory.get_translations
FNF:2
FNH:2
end_of_record
SF:src\main.py
DA:1,1
DA:2,1
DA:4,1
DA:5,1
DA:6,1
DA:7,1
DA:8,1
DA:9,1
DA:10,1
DA:11,1
DA:12,1
DA:13,1
DA:16,1
DA:17,1
DA:18,1
DA:19,1
DA:21,1
DA:22,1
DA:23,1
DA:24,1
DA:25,1
DA:27,1
DA:29,1
DA:30,1
DA:37,1
DA:38,1
DA:39,1
DA:40,1
DA:42,1
DA:43,1
DA:44,0
DA:47,0
DA:48,0
DA:49,0
DA:50,0
DA:51,0
DA:52,0
DA:53,0
DA:54,0
DA:55,0
DA:56,0
DA:57,0
DA:59,0
DA:60,0
DA:61,0
DA:62,0
DA:63,0
DA:64,1
LF:48
LH:31
FN:16,64,create_app
FNDA:1,create_app
FN:43,63,create_app.websocket_server
FNDA:0,create_app.websocket_server
FNF:2
FNH:1
end_of_record
SF:src\messages\controller.py
DA:1,1
DA:3,1
DA:5,1
DA:8,1
DA:9,1
DA:10,1
DA:12,1
DA:13,0
DA:14,0
DA:15,0
DA:19,0
DA:23,1
DA:24,0
DA:25,0
DA:26,0
DA:27,0
DA:28,0
DA:30,1
DA:31,0
DA:32,0
DA:33,0
DA:34,0
DA:35,0
DA:36,0
DA:37,0
DA:38,0
DA:40,1
DA:41,0
DA:42,0
DA:43,0
DA:47,0
LF:31
LH:10
FN:9,10,MessagesController.__init__
FNDA:1,MessagesController.__init__
FN:12,21,MessagesController.get_all
FNDA:0,MessagesController.get_all
FN:23,28,MessagesController.edit
FNDA:0,MessagesController.edit
FN:30,38,MessagesController.delete
FNDA:0,MessagesController.delete
FN:40,49,MessagesController.get_last_message
FNDA:0,MessagesController.get_last_message
FNF:5
FNH:1
end_of_record
SF:src\messages\dtos\base.py
DA:1,1
DA:2,1
DA:3,0
DA:5,1
DA:6,0
DA:8,1
DA:9,0
LF:7
LH:4
FN:2,3,BaseDTO.set
FNDA:0,BaseDTO.set
FN:5,6,BaseDTO.validate_data
FNDA:0,BaseDTO.validate_data
FN:8,9,BaseDTO.execute_validation
FNDA:0,BaseDTO.execute_validation
FNF:3
FNH:0
end_of_record
SF:src\messages\dtos\edit_message.py
DA:1,1
DA:3,1
DA:4,1
DA:5,1
DA:6,1
DA:7,1
DA:8,1
DA:10,1
DA:11,1
DA:12,0
DA:13,0
DA:14,0
DA:15,0
DA:17,1
DA:18,0
DA:21,0
DA:22,0
DA:23,0
DA:25,1
DA:26,0
DA:29,0
DA:30,0
DA:31,0
DA:33,1
DA:34,0
DA:37,0
DA:38,0
DA:40,0
DA:42,1
DA:43,0
DA:44,0
DA:45,0
DA:46,0
DA:47,0
DA:48,0
DA:50,1
DA:51,0
DA:54,0
DA:55,0
DA:56,0
DA:58,1
DA:59,0
DA:60,0
DA:61,0
DA:62,0
DA:63,0
DA:64,0
DA:66,1
DA:67,0
DA:68,0
DA:69,0
DA:70,0
DA:77,1
DA:78,0
LF:54
LH:17
FN:11,15,EditMessageDTO.set
FNDA:0,EditMessageDTO.set
FN:17,23,EditMessageDTO.set_user_id
FNDA:0,EditMessageDTO.set_user_id
FN:25,31,EditMessageDTO.set_group_id
FNDA:0,EditMessageDTO.set_group_id
FN:33,40,EditMessageDTO.set_content
FNDA:0,EditMessageDTO.set_content
FN:42,48,EditMessageDTO.check_if_author
FNDA:0,EditMessageDTO.check_if_author
FN:50,56,EditMessageDTO.set_code
FNDA:0,EditMessageDTO.set_code
FN:58,64,EditMessageDTO.check_if_is_member
FNDA:0,EditMessageDTO.check_if_is_member
FN:66,75,EditMessageDTO.validate_data
FNDA:0,EditMessageDTO.validate_data
FN:77,78,EditMessageDTO.execute_validation
FNDA:0,EditMessageDTO.execute_validation
FNF:9
FNH:0
end_of_record
SF:src\messages\dtos\factory.py
DA:1,1
DA:2,1
DA:3,1
DA:4,1
DA:6,1
DA:7,1
DA:8,0
DA:9,0
DA:10,0
DA:11,0
DA:25,1
DA:26,0
DA:27,0
DA:28,0
DA:29,0
DA:30,0
DA:31,0
DA:32,0
DA:33,0
LF:19
LH:7
FN:7,23,DTOFactory.__init__
FNDA:0,DTOFactory.__init__
FN:25,33,DTOFactory.get_dto
FNDA:0,DTOFactory.get_dto
FNF:2
FNH:0
end_of_record
SF:src\messages\dtos\fields\author.py
DA:1,1
DA:2,1
DA:3,1
DA:4,0
DA:5,0
DA:7,1
DA:8,0
DA:9,0
DA:10,0
LF:9
LH:4
FN:3,5,AuthorField.__init__
FNDA:0,AuthorField.__init__
FN:7,10,AuthorField.validate_data
FNDA:0,AuthorField.validate_data
FNF:2
FNH:0
end_of_record
SF:src\messages\dtos\fields\base.py
DA:1,1
DA:2,1
DA:3,0
DA:5,1
DA:6,0
LF:5
LH:3
FN:2,3,BaseField.__init__
FNDA:0,BaseField.__init__
FN:5,6,BaseField.validate_data
FNDA:0,BaseField.validate_data
FNF:2
FNH:0
end_of_record
SF:src\messages\dtos\fields\code.py
DA:1,1
DA:2,1
DA:3,1
DA:4,0
DA:5,0
DA:7,1
DA:8,0
DA:9,0
DA:10,0
LF:9
LH:4
FN:3,5,CodeField.__init__
FNDA:0,CodeField.__init__
FN:7,10,CodeField.validate_data
FNDA:0,CodeField.validate_data
FNF:2
FNH:0
end_of_record
SF:src\messages\dtos\fields\content.py
DA:1,1
DA:12,1
DA:13,1
DA:14,0
DA:15,0
DA:16,0
DA:23,1
DA:24,0
DA:25,0
DA:26,0
DA:28,1
DA:29,0
DA:30,0
DA:31,0
DA:32,0
LF:15
LH:5
FN:13,21,ContentField.__init__
FNDA:0,ContentField.__init__
FN:23,26,ContentField.validate_data
FNDA:0,ContentField.validate_data
FN:28,32,ContentField.check_for_offensive_words
FNDA:0,ContentField.check_for_offensive_words
FNF:3
FNH:0
end_of_record
SF:src\messages\dtos\fields\created_at.py
DA:1,1
DA:2,1
DA:3,1
DA:4,0
DA:5,0
DA:7,1
DA:8,0
DA:9,0
DA:10,0
LF:9
LH:4
FN:3,5,CreatedAtField.__init__
FNDA:0,CreatedAtField.__init__
FN:7,10,CreatedAtField.validate_data
FNDA:0,CreatedAtField.validate_data
FNF:2
FNH:0
end_of_record
SF:src\messages\dtos\fields\group_id.py
DA:1,1
DA:3,1
DA:4,1
DA:5,0
DA:6,0
DA:8,1
DA:9,0
DA:10,0
DA:11,0
LF:9
LH:4
FN:4,6,GroupIdField.__init__
FNDA:0,GroupIdField.__init__
FN:8,11,GroupIdField.validate_data
FNDA:0,GroupIdField.validate_data
FNF:2
FNH:0
end_of_record
SF:src\messages\dtos\fields\user_id.py
DA:1,1
DA:3,1
DA:4,1
DA:5,0
DA:6,0
DA:8,1
DA:9,0
DA:10,0
DA:11,0
LF:9
LH:4
FN:4,6,UserIdField.__init__
FNDA:0,UserIdField.__init__
FN:8,11,UserIdField.validate_data
FNDA:0,UserIdField.validate_data
FNF:2
FNH:0
end_of_record
SF:src\messages\dtos\message_dto.py
DA:1,1
DA:3,1
DA:4,1
DA:5,1
DA:6,1
DA:7,1
DA:8,1
DA:9,1
DA:10,1
DA:12,1
DA:13,1
DA:14,0
DA:15,0
DA:16,0
DA:17,0
DA:19,1
DA:20,0
DA:23,0
DA:24,0
DA:25,0
DA:27,1
DA:28,0
DA:31,0
DA:32,0
DA:33,0
DA:36,1
DA:37,0
DA:40,0
DA:41,0
DA:42,0
DA:44,1
DA:45,0
DA:48,0
DA:49,0
DA:51,0
DA:53,1
DA:54,0
DA:57,0
DA:58,0
DA:59,0
DA:61,1
DA:62,0
DA:65,0
DA:66,0
DA:67,0
DA:69,1
DA:70,0
DA:71,0
DA:72,0
DA:73,0
DA:74,0
DA:75,0
DA:77,1
DA:78,0
DA:79,0
DA:80,0
DA:81,0
DA:90,1
DA:91,0
LF:59
LH:20
FN:13,17,MessageDTO.set
FNDA:0,MessageDTO.set
FN:19,25,MessageDTO.set_user_id
FNDA:0,MessageDTO.set_user_id
FN:27,33,MessageDTO.set_group_id
FNDA:0,MessageDTO.set_group_id
FN:36,42,MessageDTO.set_author
FNDA:0,MessageDTO.set_author
FN:44,51,MessageDTO.set_content
FNDA:0,MessageDTO.set_content
FN:53,59,MessageDTO.set_created_at
FNDA:0,MessageDTO.set_created_at
FN:61,67,MessageDTO.set_code
FNDA:0,MessageDTO.set_code
FN:69,75,MessageDTO.check_if_is_member
FNDA:0,MessageDTO.check_if_is_member
FN:77,88,MessageDTO.validate_data
FNDA:0,MessageDTO.validate_data
FN:90,91,MessageDTO.execute_validation
FNDA:0,MessageDTO.execute_validation
FNF:10
FNH:0
end_of_record
SF:src\messages\repositories\factory.py
DA:1,1
DA:2,1
DA:3,1
DA:6,1
DA:7,1
DA:8,1
DA:9,1
DA:13,1
DA:14,1
DA:16,1
DA:17,1
DA:18,1
DA:19,0
LF:13
LH:12
FN:7,11,RepositoryFactory.__init__
FNDA:1,RepositoryFactory.__init__
FN:13,19,RepositoryFactory.get_db
FNDA:1,RepositoryFactory.get_db
FNF:2
FNH:2
end_of_record
SF:src\messages\repositories\postgres_repository.py
DA:1,1
DA:3,1
DA:6,1
DA:7,1
DA:8,1
DA:10,1
DA:11,0
DA:12,0
DA:13,0
DA:14,0
DA:15,0
DA:16,0
DA:28,0
DA:29,0
DA:30,0
DA:31,0
DA:32,0
DA:34,1
DA:35,0
DA:36,0
DA:37,0
DA:43,0
DA:44,0
DA:45,0
DA:46,0
DA:47,0
DA:49,1
DA:50,0
DA:51,0
DA:52,0
DA:57,0
DA:58,0
DA:59,0
DA:60,0
DA:61,0
DA:63,1
DA:64,0
DA:65,0
DA:66,0
DA:71,0
DA:72,0
DA:73,0
DA:74,0
DA:75,0
DA:77,1
DA:78,0
DA:79,0
DA:80,0
DA:87,0
DA:88,0
DA:89,0
DA:90,0
DA:91,0
DA:93,1
DA:94,0
DA:95,0
DA:96,0
DA:105,0
DA:106,0
DA:108,1
DA:109,0
DA:110,0
DA:111,0
DA:113,1
DA:114,0
DA:115,0
DA:116,0
DA:117,0
DA:122,0
DA:123,0
DA:124,0
DA:125,0
DA:126,0
DA:129,1
DA:130,0
DA:131,0
DA:132,0
DA:133,0
DA:139,0
DA:140,0
DA:141,0
DA:142,0
DA:143,0
DA:144,0
LF:84
LH:14
FN:7,8,PostgresRepository.__init__
FNDA:1,PostgresRepository.__init__
FN:10,32,PostgresRepository.create
FNDA:0,PostgresRepository.create
FN:34,47,PostgresRepository.is_part_of_group
FNDA:0,PostgresRepository.is_part_of_group
FN:49,61,PostgresRepository.is_author
FNDA:0,PostgresRepository.is_author
FN:63,75,PostgresRepository.get_all
FNDA:0,PostgresRepository.get_all
FN:77,91,PostgresRepository.get_last_message
FNDA:0,PostgresRepository.get_last_message
FN:93,106,PostgresRepository._format_messages
FNDA:0,PostgresRepository._format_messages
FN:108,111,PostgresRepository._break_down_long_messages
FNDA:0,PostgresRepository._break_down_long_messages
FN:113,126,PostgresRepository.edit
FNDA:0,PostgresRepository.edit
FN:129,144,PostgresRepository.delete
FNDA:0,PostgresRepository.delete
FNF:10
FNH:1
end_of_record
SF:src\messages\repositories\repository.py
DA:1,1
DA:2,1
DA:3,0
DA:5,1
DA:6,0
DA:8,1
DA:9,0
DA:11,1
DA:12,0
DA:14,1
DA:15,0
DA:17,1
DA:18,0
DA:20,1
DA:21,0
DA:23,1
DA:24,0
LF:17
LH:9
FN:2,3,Repository.__init__
FNDA:0,Repository.__init__
FN:5,6,Repository.create
FNDA:0,Repository.create
FN:8,9,Repository.get_all
FNDA:0,Repository.get_all
FN:11,12,Repository.edit
FNDA:0,Repository.edit
FN:14,15,Repository.is_part_of_group
FNDA:0,Repository.is_part_of_group
FN:17,18,Repository.is_author
FNDA:0,Repository.is_author
FN:20,21,Repository.delete
FNDA:0,Repository.delete
FN:23,24,Repository.get_last_message
FNDA:0,Repository.get_last_message
FNF:8
FNH:0
end_of_record
SF:src\messages\router.py
DA:1,1
DA:3,1
DA:6,1
DA:8,1
DA:9,1
DA:10,1
DA:11,1
DA:14,1
DA:17,1
DA:20,1
LF:10
LH:10
FN:8,22,MessagesRouter.__init__
FNDA:1,MessagesRouter.__init__
FNF:1
FNH:1
end_of_record
SF:src\messages\service.py
DA:1,1
DA:2,1
DA:4,1
DA:5,1
DA:6,1
DA:7,1
DA:9,1
DA:10,0
DA:11,0
DA:12,0
DA:13,0
DA:14,0
DA:16,1
DA:17,0
DA:18,0
DA:19,0
DA:20,0
DA:21,0
DA:23,0
DA:24,0
DA:26,1
DA:27,0
DA:28,0
DA:29,0
DA:30,0
DA:31,0
DA:33,1
DA:34,0
DA:35,0
DA:36,0
DA:37,0
DA:38,0
DA:40,0
DA:41,0
DA:44,1
DA:45,0
DA:46,0
DA:47,0
DA:48,0
DA:49,0
DA:50,0
LF:41
LH:11
FN:5,7,MessagesService.__init__
FNDA:1,MessagesService.__init__
FN:9,14,MessagesService.get_all
FNDA:0,MessagesService.get_all
FN:16,24,MessagesService.create
FNDA:0,MessagesService.create
FN:26,31,MessagesService.get_last_message
FNDA:0,MessagesService.get_last_message
FN:33,41,MessagesService.edit
FNDA:0,MessagesService.edit
FN:44,50,MessagesService.delete
FNDA:0,MessagesService.delete
FNF:6
FNH:1
end_of_record
SF:src\users\__init__.py
end_of_record
SF:src\users\controller.py
DA:1,1
DA:3,1
DA:5,1
DA:8,1
DA:9,1
DA:10,1
DA:12,1
DA:13,1
DA:14,1
DA:15,1
DA:16,1
DA:17,1
DA:20,1
DA:24,1
DA:25,1
DA:27,1
DA:28,1
DA:29,1
DA:32,1
DA:37,1
DA:38,1
DA:39,1
DA:40,1
DA:41,1
DA:44,1
DA:46,1
DA:47,1
DA:48,1
DA:49,1
DA:50,1
DA:53,1
DA:55,1
DA:56,1
DA:57,1
DA:58,1
DA:59,1
DA:60,1
DA:63,1
DA:65,1
DA:66,1
DA:67,1
DA:68,1
DA:69,1
DA:72,1
LF:44
LH:44
FN:9,10,UsersController.__init__
FNDA:1,UsersController.__init__
FN:12,22,UsersController.register
FNDA:1,UsersController.register
FN:24,34,UsersController.is_allowed_action
FNDA:1,UsersController.is_allowed_action
FN:37,44,UsersController.verify
FNDA:1,UsersController.verify
FN:46,53,UsersController.login
FNDA:1,UsersController.login
FN:55,63,UsersController.forgot_password
FNDA:1,UsersController.forgot_password
FN:65,72,UsersController.reset_password
FNDA:1,UsersController.reset_password
FNF:7
FNH:7
end_of_record
SF:src\users\dtos\base.py
DA:1,1
DA:3,1
DA:4,1
DA:5,0
DA:7,1
DA:8,0
DA:10,1
DA:11,0
LF:8
LH:5
FN:4,5,BaseDTO.set
FNDA:0,BaseDTO.set
FN:7,8,BaseDTO.validate_data
FNDA:0,BaseDTO.validate_data
FN:10,11,BaseDTO.execute_validation
FNDA:0,BaseDTO.execute_validation
FNF:3
FNH:0
end_of_record
SF:src\users\dtos\code.py
DA:1,1
DA:2,1
DA:3,1
DA:4,1
DA:5,1
DA:8,1
DA:9,1
DA:10,1
DA:11,1
DA:12,1
DA:13,1
DA:15,1
DA:16,1
DA:19,1
DA:20,1
DA:21,1
DA:23,1
DA:24,1
DA:25,1
DA:26,1
DA:27,1
DA:28,1
DA:30,1
DA:31,1
DA:32,1
DA:33,1
DA:35,1
DA:37,1
DA:38,1
DA:39,1
DA:40,1
DA:41,1
DA:43,1
DA:44,1
LF:34
LH:34
FN:9,13,CodeDTO.set
FNDA:1,CodeDTO.set
FN:15,21,CodeDTO.set_email
FNDA:1,CodeDTO.set_email
FN:23,28,CodeDTO._check_if_user_exists
FNDA:1,CodeDTO._check_if_user_exists
FN:30,35,CodeDTO.set_code
FNDA:1,CodeDTO.set_code
FN:37,41,CodeDTO.validate_data
FNDA:1,CodeDTO.validate_data
FN:43,44,CodeDTO.execute_validation
FNDA:1,CodeDTO.execute_validation
FNF:6
FNH:6
end_of_record
SF:src\users\dtos\factory.py
DA:1,1
DA:2,1
DA:3,1
DA:4,1
DA:5,1
DA:6,1
DA:7,1
DA:9,1
DA:10,1
DA:11,1
DA:12,1
DA:13,1
DA:14,1
DA:22,1
DA:23,1
DA:24,1
DA:25,1
DA:26,1
DA:27,1
DA:28,1
DA:29,1
DA:30,1
LF:22
LH:22
FN:10,20,DTOFactory.__init__
FNDA:1,DTOFactory.__init__
FN:22,30,DTOFactory.get_dto
FNDA:1,DTOFactory.get_dto
FNF:2
FNH:2
end_of_record
SF:src\users\dtos\fields\code_field.py
DA:1,1
DA:4,1
DA:5,1
DA:6,1
DA:7,1
DA:9,1
DA:10,1
DA:11,1
DA:12,1
DA:13,1
DA:14,1
LF:11
LH:11
FN:5,7,CodeField.__init__
FNDA:1,CodeField.__init__
FN:9,14,CodeField.validate_data
FNDA:1,CodeField.validate_data
FNF:2
FNH:2
end_of_record
SF:src\users\dtos\fields\email_field.py
DA:1,1
DA:4,1
DA:5,1
DA:6,1
DA:7,1
DA:9,1
DA:10,1
DA:11,1
DA:12,1
DA:13,1
DA:14,1
LF:11
LH:11
FN:5,7,EmailField.__init__
FNDA:1,EmailField.__init__
FN:9,14,EmailField.validate_data
FNDA:1,EmailField.validate_data
FNF:2
FNH:2
end_of_record
SF:src\users\dtos\fields\password_field.py
DA:1,1
DA:4,1
DA:5,1
DA:6,1
DA:7,1
DA:9,1
DA:10,1
DA:11,1
DA:12,1
LF:9
LH:9
FN:5,7,PasswordField.__init__
FNDA:1,PasswordField.__init__
FN:9,12,PasswordField.validate_data
FNDA:1,PasswordField.validate_data
FNF:2
FNH:2
end_of_record
SF:src\users\dtos\fields\username_field.py
DA:1,1
DA:4,1
DA:5,1
DA:6,1
DA:7,1
DA:8,1
DA:16,1
DA:17,1
DA:18,1
DA:19,1
DA:21,1
DA:22,1
DA:23,1
DA:24,1
DA:25,1
LF:15
LH:15
FN:5,14,UsernameField.__init__
FNDA:1,UsernameField.__init__
FN:16,19,UsernameField.validate_data
FNDA:1,UsernameField.validate_data
FN:21,25,UsernameField.check_for_offensive_words
FNDA:1,UsernameField.check_for_offensive_words
FNF:3
FNH:3
end_of_record
SF:src\users\dtos\forgot_password.py
DA:1,1
DA:2,1
DA:3,1
DA:4,1
DA:6,1
DA:7,1
DA:8,1
DA:9,1
DA:10,1
DA:11,1
DA:13,1
DA:14,1
DA:17,1
DA:18,1
DA:19,1
DA:21,1
DA:22,1
DA:23,1
DA:24,1
DA:25,1
DA:26,1
DA:27,1
DA:28,1
DA:30,1
DA:31,1
DA:32,1
DA:33,1
DA:34,1
DA:36,1
DA:37,1
LF:30
LH:30
FN:7,11,ForgotPasswordDTO.set
FNDA:1,ForgotPasswordDTO.set
FN:13,19,ForgotPasswordDTO.set_email
FNDA:1,ForgotPasswordDTO.set_email
FN:21,28,ForgotPasswordDTO._user_exists
FNDA:1,ForgotPasswordDTO._user_exists
FN:30,34,ForgotPasswordDTO.validate_data
FNDA:1,ForgotPasswordDTO.validate_data
FN:36,37,ForgotPasswordDTO.execute_validation
FNDA:1,ForgotPasswordDTO.execute_validation
FNF:5
FNH:5
end_of_record
SF:src\users\dtos\login_dto.py
DA:1,1
DA:2,1
DA:3,1
DA:4,1
DA:5,1
DA:8,1
DA:9,1
DA:10,1
DA:11,1
DA:12,1
DA:13,1
DA:15,1
DA:16,1
DA:19,1
DA:20,1
DA:21,1
DA:23,1
DA:24,1
DA:25,1
DA:26,1
DA:27,1
DA:28,1
DA:29,1
DA:30,1
DA:32,1
DA:33,1
DA:36,1
DA:37,1
DA:39,1
DA:41,1
DA:42,1
DA:43,1
DA:44,1
DA:45,1
DA:47,1
DA:48,1
LF:36
LH:36
FN:9,13,LoginDTO.set
FNDA:1,LoginDTO.set
FN:15,21,LoginDTO.set_email
FNDA:1,LoginDTO.set_email
FN:23,30,LoginDTO._check_if_user_exists
FNDA:1,LoginDTO._check_if_user_exists
FN:32,39,LoginDTO.set_password
FNDA:1,LoginDTO.set_password
FN:41,45,LoginDTO.validate_data
FNDA:1,LoginDTO.validate_data
FN:47,48,LoginDTO.execute_validation
FNDA:1,LoginDTO.execute_validation
FNF:6
FNH:6
end_of_record
SF:src\users\dtos\reset_password_dto.py
DA:1,1
DA:2,1
DA:3,1
DA:4,1
DA:5,1
DA:6,1
DA:9,1
DA:10,1
DA:11,1
DA:12,1
DA:13,1
DA:14,1
DA:16,1
DA:17,1
DA:20,1
DA:21,1
DA:23,1
DA:25,1
DA:26,1
DA:29,1
DA:30,1
DA:31,1
DA:33,1
DA:34,1
DA:35,1
DA:36,1
DA:37,1
DA:38,1
DA:39,1
DA:40,1
DA:42,1
DA:43,1
DA:44,1
DA:45,1
DA:47,1
DA:49,1
DA:50,1
DA:51,1
DA:52,1
DA:53,1
DA:59,1
DA:60,1
LF:42
LH:42
FN:10,14,ResetPasswordDTO.set
FNDA:1,ResetPasswordDTO.set
FN:16,23,ResetPasswordDTO.set_password
FNDA:1,ResetPasswordDTO.set_password
FN:25,31,ResetPasswordDTO.set_email
FNDA:1,ResetPasswordDTO.set_email
FN:33,40,ResetPasswordDTO._user_exists
FNDA:1,ResetPasswordDTO._user_exists
FN:42,47,ResetPasswordDTO.set_code
FNDA:1,ResetPasswordDTO.set_code
FN:49,57,ResetPasswordDTO.validate_data
FNDA:1,ResetPasswordDTO.validate_data
FN:59,60,ResetPasswordDTO.execute_validation
FNDA:1,ResetPasswordDTO.execute_validation
FNF:7
FNH:7
end_of_record
SF:src\users\dtos\user_dto.py
DA:1,1
DA:3,1
DA:4,1
DA:5,1
DA:6,1
DA:7,1
DA:9,1
DA:10,1
DA:11,1
DA:12,1
DA:13,1
DA:14,1
DA:15,1
DA:17,1
DA:18,1
DA:21,1
DA:22,1
DA:24,1
DA:26,1
DA:27,1
DA:30,1
DA:31,1
DA:33,1
DA:35,1
DA:36,1
DA:37,1
DA:38,1
DA:39,1
DA:40,1
DA:42,1
DA:43,1
DA:44,1
DA:46,1
DA:47,1
DA:49,1
DA:50,1
DA:53,1
DA:54,1
DA:56,1
DA:58,1
DA:59,1
DA:60,1
DA:61,1
DA:62,1
DA:63,1
DA:69,1
DA:75,1
DA:76,1
LF:48
LH:48
FN:10,15,UserDTO.set
FNDA:1,UserDTO.set
FN:17,24,UserDTO.set_email
FNDA:1,UserDTO.set_email
FN:26,33,UserDTO.set_username
FNDA:1,UserDTO.set_username
FN:35,40,UserDTO._user_validation
FNDA:1,UserDTO._user_validation
FN:42,47,UserDTO._is_already_verified
FNDA:1,UserDTO._is_already_verified
FN:49,56,UserDTO.set_password
FNDA:1,UserDTO.set_password
FN:58,73,UserDTO.validate_data
FNDA:1,UserDTO.validate_data
FN:75,76,UserDTO.execute_validation
FNDA:1,UserDTO.execute_validation
FNF:8
FNH:8
end_of_record
SF:src\users\repositories\factory.py
DA:1,1
DA:2,1
DA:3,1
DA:6,1
DA:7,1
DA:8,1
DA:9,1
DA:13,1
DA:14,1
DA:16,1
DA:17,1
DA:18,1
DA:19,0
LF:13
LH:12
FN:7,11,RepositoryFactory.__init__
FNDA:1,RepositoryFactory.__init__
FN:13,19,RepositoryFactory.get_db
FNDA:1,RepositoryFactory.get_db
FNF:2
FNH:2
end_of_record
SF:src\users\repositories\postgres_repository.py
DA:1,1
DA:3,1
DA:6,1
DA:7,1
DA:8,1
DA:10,1
DA:11,1
DA:12,1
DA:13,1
DA:14,1
DA:17,1
DA:18,1
DA:19,1
DA:20,1
DA:22,1
DA:23,1
DA:24,1
DA:25,1
DA:31,1
DA:33,0
DA:35,1
DA:36,1
DA:37,1
DA:38,1
DA:39,1
DA:40,1
DA:41,1
DA:42,1
DA:43,1
DA:50,1
DA:52,1
DA:53,1
DA:54,1
DA:55,1
DA:56,1
DA:57,1
DA:58,1
DA:59,1
DA:60,1
DA:61,1
DA:62,1
DA:69,1
DA:70,1
DA:72,1
DA:73,1
DA:74,1
DA:75,1
DA:76,1
DA:77,1
DA:78,1
DA:79,1
DA:81,1
DA:82,1
DA:83,1
DA:84,1
DA:85,1
DA:86,1
DA:87,1
DA:89,1
DA:90,1
DA:91,1
DA:92,1
DA:93,1
DA:94,1
DA:95,1
DA:96,1
DA:98,1
DA:99,1
DA:100,1
DA:101,1
DA:102,1
DA:103,1
DA:104,1
DA:105,1
DA:106,1
DA:113,1
DA:114,1
LF:77
LH:76
FN:7,8,PostgresRepository.__init__
FNDA:1,PostgresRepository.__init__
FN:10,20,PostgresRepository.register
FNDA:1,PostgresRepository.register
FN:22,33,PostgresRepository._join_general_chat_on_registration
FNDA:1,PostgresRepository._join_general_chat_on_registration
FN:35,50,PostgresRepository._get_user
FNDA:1,PostgresRepository._get_user
FN:52,70,PostgresRepository.login
FNDA:1,PostgresRepository.login
FN:72,79,PostgresRepository.reset_password
FNDA:1,PostgresRepository.reset_password
FN:81,87,PostgresRepository.verify
FNDA:1,PostgresRepository.verify
FN:89,96,PostgresRepository.update_user
FNDA:1,PostgresRepository.update_user
FN:98,114,PostgresRepository.get_by_email
FNDA:1,PostgresRepository.get_by_email
FNF:9
FNH:9
end_of_record
SF:src\users\repositories\repository.py
DA:1,1
DA:2,1
DA:3,0
DA:5,1
DA:6,0
DA:8,1
DA:9,0
DA:11,1
DA:12,0
DA:14,1
DA:15,0
DA:17,1
DA:18,0
DA:20,1
DA:21,0
LF:15
LH:8
FN:2,3,Repository.__init__
FNDA:0,Repository.__init__
FN:5,6,Repository.register
FNDA:0,Repository.register
FN:8,9,Repository.login
FNDA:0,Repository.login
FN:11,12,Repository.get_by_email
FNDA:0,Repository.get_by_email
FN:14,15,Repository.update_user
FNDA:0,Repository.update_user
FN:17,18,Repository.reset_password
FNDA:0,Repository.reset_password
FN:20,21,Repository.verify
FNDA:0,Repository.verify
FNF:7
FNH:0
end_of_record
SF:src\users\routers.py
DA:1,1
DA:3,1
DA:6,1
DA:7,1
DA:8,1
DA:9,1
DA:10,1
DA:13,1
DA:16,1
DA:19,1
DA:20,1
DA:23,1
LF:12
LH:12
FN:7,25,UsersRouter.__init__
FNDA:1,UsersRouter.__init__
FNF:1
FNH:1
end_of_record
SF:src\users\service.py
DA:1,1
DA:2,1
DA:4,1
DA:5,1
DA:6,1
DA:9,1
DA:10,1
DA:11,1
DA:12,1
DA:13,1
DA:14,1
DA:15,1
DA:17,1
DA:18,1
DA:19,1
DA:21,1
DA:22,1
DA:24,1
DA:25,1
DA:26,1
DA:27,1
DA:28,1
DA:29,1
DA:30,1
DA:32,1
DA:33,1
DA:34,1
DA:35,1
DA:36,1
DA:37,1
DA:38,1
DA:39,1
DA:40,1
DA:41,1
DA:44,1
DA:45,1
DA:46,1
DA:47,1
DA:48,1
DA:49,1
DA:50,1
DA:51,1
DA:52,1
DA:53,1
DA:54,1
DA:58,1
DA:59,1
DA:60,1
DA:62,1
DA:63,1
DA:64,1
DA:66,1
DA:67,1
DA:68,1
DA:70,1
DA:71,1
DA:72,1
DA:73,1
DA:74,1
DA:75,1
DA:76,1
DA:77,1
DA:79,1
DA:80,1
DA:81,1
DA:83,1
DA:84,1
DA:86,1
DA:88,1
DA:89,1
DA:91,1
DA:92,1
DA:94,1
DA:95,1
DA:96,1
DA:97,1
DA:99,1
DA:100,1
DA:101,1
DA:102,1
DA:103,1
DA:105,1
DA:107,1
DA:108,1
DA:109,1
DA:113,1
DA:114,1
DA:116,1
DA:117,1
DA:118,1
DA:119,1
DA:121,1
DA:122,1
DA:123,1
DA:125,1
DA:126,1
DA:128,1
DA:129,1
DA:130,1
DA:131,1
DA:132,1
DA:133,1
DA:134,1
LF:103
LH:103
FN:10,15,UsersService.__init__
FNDA:1,UsersService.__init__
FN:17,30,UsersService.login
FNDA:1,UsersService.login
FN:32,41,UsersService.is_allowed_action
FNDA:1,UsersService.is_allowed_action
FN:44,64,UsersService.register
FNDA:1,UsersService.register
FN:66,68,UsersService._email_flow
FNDA:1,UsersService._email_flow
FN:70,77,UsersService._generate_code
FNDA:1,UsersService._generate_code
FN:79,97,UsersService.verify
FNDA:1,UsersService.verify
FN:99,114,UsersService.forgot_password
FNDA:1,UsersService.forgot_password
FN:116,119,UsersService._generate_url_for_reset_password
FNDA:1,UsersService._generate_url_for_reset_password
FN:121,134,UsersService.reset_password
FNDA:1,UsersService.reset_password
FNF:10
FNH:10
end_of_record
SF:src\websocket\__init__.py
end_of_record
SF:src\websocket\ws_server.py
DA:1,1
DA:2,1
DA:4,1
DA:6,1
DA:9,1
DA:10,1
DA:11,1
DA:13,1
DA:14,0
DA:15,0
DA:16,0
DA:17,0
DA:18,0
DA:26,0
DA:27,0
DA:28,0
DA:29,0
DA:31,0
DA:32,0
DA:34,1
DA:35,0
DA:36,0
DA:37,0
DA:38,0
DA:40,1
DA:41,0
DA:43,1
DA:44,0
DA:45,0
DA:46,0
LF:30
LH:11
FN:10,11,ConnectionManager.__init__
FNDA:1,ConnectionManager.__init__
FN:13,32,ConnectionManager.connect
FNDA:0,ConnectionManager.connect
FN:34,38,ConnectionManager.generate_special_code
FNDA:0,ConnectionManager.generate_special_code
FN:40,41,ConnectionManager.disconnect
FNDA:0,ConnectionManager.disconnect
FN:43,46,ConnectionManager.broadcast
FNDA:0,ConnectionManager.broadcast
FNF:5
FNH:1
end_of_record
SF:tests\__init__.py
end_of_record
SF:tests\api\__init__.py
end_of_record
SF:tests\api\groups\__init__.py
end_of_record
SF:tests\api\groups\test_get_groups.py
DA:1,1
DA:2,1
DA:4,1
DA:12,1
DA:13,1
DA:14,1
DA:15,1
DA:16,1
LF:8
LH:8
FN:13,16,test_groups
FNDA:1,test_groups
FNF:1
FNH:1
end_of_record
SF:tests\api\test_translations.py
DA:1,1
DA:2,1
DA:3,1
DA:4,1
DA:5,1
DA:6,1
DA:7,1
DA:8,1
DA:9,1
DA:10,1
DA:11,1
DA:12,1
DA:13,1
DA:14,1
DA:15,1
DA:16,1
DA:17,1
DA:18,1
DA:19,1
DA:20,1
DA:23,1
DA:24,1
DA:27,1
DA:29,1
DA:49,1
DA:50,1
DA:51,1
DA:52,1
DA:53,1
DA:54,1
DA:55,1
LF:31
LH:31
FN:23,27,generate_json
FNDA:1,generate_json
FN:50,55,test_get_en_login_translations
FNDA:1,test_get_en_login_translations
FNF:2
FNH:2
end_of_record
SF:tests\api\users\test_authorize.py
DA:1,1
DA:2,1
DA:3,1
DA:5,1
DA:12,1
DA:13,1
DA:14,1
DA:15,1
DA:16,1
LF:9
LH:9
FN:13,16,test_authorize
FNDA:1,test_authorize
FNF:1
FNH:1
end_of_record
SF:tests\api\users\test_forgot_password.py
DA:1,1
DA:3,1
DA:4,1
DA:6,1
DA:15,1
DA:16,1
DA:17,1
DA:18,1
DA:19,1
LF:9
LH:9
FN:16,19,test_forgot_password
FNDA:1,test_forgot_password
FNF:1
FNH:1
end_of_record
SF:tests\api\users\test_login.py
DA:1,1
DA:3,1
DA:4,1
DA:6,1
DA:21,1
DA:22,1
DA:23,1
DA:24,1
DA:25,1
LF:9
LH:9
FN:22,25,test_login
FNDA:1,test_login
FNF:1
FNH:1
end_of_record
SF:tests\api\users\test_registration.py
DA:1,1
DA:3,1
DA:4,1
DA:6,1
DA:23,1
DA:24,1
DA:25,1
DA:26,1
DA:27,1
LF:9
LH:9
FN:24,27,test_registration
FNDA:1,test_registration
FNF:1
FNH:1
end_of_record
SF:tests\api\users\test_reset_password.py
DA:1,1
DA:2,1
DA:4,1
DA:5,1
DA:6,1
DA:8,1
DA:18,1
DA:19,1
DA:20,1
DA:21,1
DA:22,1
DA:25,1
DA:26,1
DA:27,1
DA:28,1
DA:29,1
DA:30,1
DA:31,1
DA:32,1
DA:33,1
DA:34,1
DA:35,1
DA:36,1
DA:39,1
DA:40,1
DA:41,1
DA:42,1
LF:27
LH:27
FN:19,22,test_reset_password
FNDA:1,test_reset_password
FN:25,36,test_reset_password_success
FNDA:1,test_reset_password_success
FN:39,42,_authorize_usccess
FNDA:1,_authorize_usccess
FNF:3
FNH:3
end_of_record
SF:tests\api\users\test_verify.py
DA:1,1
DA:2,1
DA:4,1
DA:5,1
DA:6,1
DA:8,1
DA:19,1
DA:20,1
DA:21,1
DA:22,1
DA:23,1
DA:26,1
DA:27,1
DA:28,1
DA:29,1
DA:33,1
DA:34,1
DA:35,1
DA:36,0
LF:19
LH:18
FN:20,23,test_verify
FNDA:1,test_verify
FN:26,36,test_verify_success
FNDA:1,test_verify_success
FNF:2
FNH:2
end_of_record
SF:tests\global_fixtures\boot_up.py
DA:1,1
DA:2,1
DA:4,1
DA:7,1
DA:8,1
DA:9,1
DA:10,1
DA:11,1
LF:8
LH:8
FN:8,11,client
FNDA:1,client
FNF:1
FNH:1
end_of_record
SF:tests\global_fixtures\users.py
DA:1,1
DA:2,1
DA:3,1
DA:4,1
DA:5,1
DA:7,1
DA:9,1
DA:10,1
DA:11,1
DA:12,1
DA:13,1
DA:14,1
DA:15,1
DA:16,1
DA:18,1
DA:19,1
DA:20,1
DA:24,1
DA:25,1
DA:27,1
DA:28,1
DA:29,1
DA:32,1
DA:33,1
DA:34,1
DA:35,1
DA:36,1
DA:37,1
DA:38,0
DA:41,1
DA:42,1
DA:43,1
DA:44,1
DA:45,0
DA:48,1
DA:49,1
DA:50,1
DA:51,1
DA:52,1
DA:53,1
DA:54,0
DA:56,1
DA:57,1
DA:58,1
DA:59,1
DA:60,1
DA:61,1
DA:63,1
DA:64,1
DA:65,1
DA:66,1
DA:67,1
LF:52
LH:49
FN:10,16,create_user_to_verify
FNDA:1,create_user_to_verify
FN:19,29,send_message_forgot_password
FNDA:1,send_message_forgot_password
FN:32,38,mailhog
FNDA:1,mailhog
FN:41,45,_get_mailhog_messages
FNDA:1,_get_mailhog_messages
FN:48,54,_find_message
FNDA:1,_find_message
FN:56,61,_get_url
FNDA:1,_get_url
FN:63,67,_get_code
FNDA:1,_get_code
FNF:7
FNH:7
end_of_record
SF:tests\unit\__init__.py
end_of_record
SF:tests\unit\test_config.py
DA:1,1
DA:4,1
DA:5,1
DA:6,1
DA:7,1
DA:10,1
DA:11,1
DA:12,1
DA:13,1
DA:16,1
DA:17,1
DA:18,1
DA:19,1
DA:22,1
DA:23,1
DA:24,1
DA:25,1
LF:17
LH:17
FN:4,7,test_create_dev_config
FNDA:1,test_create_dev_config
FN:10,13,test_create_test_config
FNDA:1,test_create_test_config
FN:16,19,test_create_docker_config
FNDA:1,test_create_docker_config
FN:22,25,test_create_no_config
FNDA:1,test_create_no_config
FNF:4
FNH:4
end_of_record
